<?xml version="1.0" encoding="UTF-8"?>
<testsuite xmlns:xsi="http://www.w3.org/2001/XMLSchema-instance" xsi:noNamespaceSchemaLocation="https://maven.apache.org/surefire/maven-surefire-plugin/xsd/surefire-test-report.xsd" name="com.nnk.springboot.controllers.UserControllerTest" time="0.398" tests="6" errors="0" skipped="0" failures="0">
  <properties>
[...]
</properties>
  <testcase name="addUserTest" classname="com.nnk.springboot.controllers.UserControllerTest" time="0"/>
  <testcase name="showUpdateFormTest" classname="com.nnk.springboot.controllers.UserControllerTest" time="0.004"/>
  <testcase name="homeTest" classname="com.nnk.springboot.controllers.UserControllerTest" time="0.005"/>
  <testcase name="updateUserTest" classname="com.nnk.springboot.controllers.UserControllerTest" time="0.31"/>
  <testcase name="validateTest" classname="com.nnk.springboot.controllers.UserControllerTest" time="0.071"/>
  <testcase name="deleteUserTest" classname="com.nnk.springboot.controllers.UserControllerTest" time="0.003"/>
</testsuite>